<?xml version="1.0" encoding="UTF-8"?>
<!-- Generated by org.testng.reporters.JUnitReportReporter -->
<testsuite name="scripts.Mahindra" tests="1" time="69.790" ignored="0" failures="0" timestamp="23 Jan 2020 08:48:32 GMT" skipped="0" hostname="LAPTOP-VNPRV150" errors="0">
  <testcase name="test" time="69.790" classname="scripts.Mahindra"/>
</testsuite> <!-- scripts.Mahindra -->
